c:\users\chriswratt\documents\unityprojects\unitymidilib\vsthostunity\vsthostunity\consolehost\x64\debug\consolehost.pch
c:\users\chriswratt\documents\unityprojects\unitymidilib\vsthostunity\vsthostunity\consolehost\x64\debug\vc141.pdb
c:\users\chriswratt\documents\unityprojects\unitymidilib\vsthostunity\vsthostunity\consolehost\x64\debug\vc141.idb
c:\users\chriswratt\documents\unityprojects\unitymidilib\vsthostunity\vsthostunity\consolehost\x64\debug\stdafx.obj
c:\users\chriswratt\documents\unityprojects\unitymidilib\vsthostunity\vsthostunity\consolehost\x64\debug\debugcpp.obj
c:\users\chriswratt\documents\unityprojects\unitymidilib\vsthostunity\vsthostunity\consolehost\x64\debug\pluginhost.obj
c:\users\chriswratt\documents\unityprojects\unitymidilib\vsthostunity\vsthostunity\consolehost\x64\debug\vstbase.obj
c:\users\chriswratt\documents\unityprojects\unitymidilib\vsthostunity\vsthostunity\consolehost\x64\debug\vsteffect.obj
c:\users\chriswratt\documents\unityprojects\unitymidilib\vsthostunity\vsthostunity\consolehost\x64\debug\vsti.obj
c:\users\chriswratt\documents\unityprojects\unitymidilib\vsthostunity\vsthostunity\consolehost\x64\debug\consolefuncs.obj
c:\users\chriswratt\documents\unityprojects\unitymidilib\vsthostunity\vsthostunity\consolehost\x64\debug\consolehost.obj
c:\users\chriswratt\documents\unityprojects\unitymidilib\vsthostunity\vsthostunity\x64\debug\consolehost.lib
c:\users\chriswratt\documents\unityprojects\unitymidilib\vsthostunity\vsthostunity\x64\debug\consolehost.exp
c:\users\chriswratt\documents\unityprojects\unitymidilib\vsthostunity\vsthostunity\x64\debug\consolehost.ilk
c:\users\chriswratt\documents\unityprojects\unitymidilib\vsthostunity\vsthostunity\x64\debug\consolehost.exe
c:\users\chriswratt\documents\unityprojects\unitymidilib\vsthostunity\vsthostunity\x64\debug\consolehost.pdb
c:\users\chriswratt\documents\unityprojects\unitymidilib\vsthostunity\vsthostunity\consolehost\x64\debug\consolehost.tlog\cl.command.1.tlog
c:\users\chriswratt\documents\unityprojects\unitymidilib\vsthostunity\vsthostunity\consolehost\x64\debug\consolehost.tlog\cl.read.1.tlog
c:\users\chriswratt\documents\unityprojects\unitymidilib\vsthostunity\vsthostunity\consolehost\x64\debug\consolehost.tlog\cl.write.1.tlog
c:\users\chriswratt\documents\unityprojects\unitymidilib\vsthostunity\vsthostunity\consolehost\x64\debug\consolehost.tlog\consolehost.write.1u.tlog
c:\users\chriswratt\documents\unityprojects\unitymidilib\vsthostunity\vsthostunity\consolehost\x64\debug\consolehost.tlog\link.command.1.tlog
c:\users\chriswratt\documents\unityprojects\unitymidilib\vsthostunity\vsthostunity\consolehost\x64\debug\consolehost.tlog\link.read.1.tlog
c:\users\chriswratt\documents\unityprojects\unitymidilib\vsthostunity\vsthostunity\consolehost\x64\debug\consolehost.tlog\link.write.1.tlog
