  DebugCPP.cpp
c:\audio\vst_sdk\vst2_sdk\pluginterfaces\vst2.x\aeffect.h(335): warning C4996: 'strncpy': This function or variable may be unsafe. Consider using strncpy_s instead. To disable deprecation, use _CRT_SECURE_NO_WARNINGS. See online help for details.
  c:\program files (x86)\windows kits\10\include\10.0.15063.0\ucrt\string.h(343): note: see declaration of 'strncpy'
c:\audio\vst_sdk\vst2_sdk\pluginterfaces\vst2.x\aeffect.h(345): warning C4996: 'strncat': This function or variable may be unsafe. Consider using strncat_s instead. To disable deprecation, use _CRT_SECURE_NO_WARNINGS. See online help for details.
  c:\program files (x86)\windows kits\10\include\10.0.15063.0\ucrt\string.h(271): note: see declaration of 'strncat'
  stdafx.cpp
  CStyleHost.cpp
  VSTHostUnity.cpp
c:\audio\vst_sdk\vst2_sdk\pluginterfaces\vst2.x\aeffect.h(335): warning C4996: 'strncpy': This function or variable may be unsafe. Consider using strncpy_s instead. To disable deprecation, use _CRT_SECURE_NO_WARNINGS. See online help for details.
  c:\program files (x86)\windows kits\10\include\10.0.15063.0\ucrt\string.h(343): note: see declaration of 'strncpy'
c:\audio\vst_sdk\vst2_sdk\pluginterfaces\vst2.x\aeffect.h(345): warning C4996: 'strncat': This function or variable may be unsafe. Consider using strncat_s instead. To disable deprecation, use _CRT_SECURE_NO_WARNINGS. See online help for details.
  c:\program files (x86)\windows kits\10\include\10.0.15063.0\ucrt\string.h(271): note: see declaration of 'strncat'
c:\users\chriswratt\documents\unityprojects\unitymidilib\vsthostunity\vsthostunity\vsthostunity.cpp(341): warning C4996: 'mbstowcs': This function or variable may be unsafe. Consider using mbstowcs_s instead. To disable deprecation, use _CRT_SECURE_NO_WARNINGS. See online help for details.
  c:\program files (x86)\windows kits\10\include\10.0.15063.0\ucrt\stdlib.h(931): note: see declaration of 'mbstowcs'
  Generating Code...
c:\users\chriswratt\documents\unityprojects\unitymidilib\vsthostunity\vsthostunity\vsthostunity.cpp(221): warning C4715: 'hostCallback': not all control paths return a value
  dllmain.cpp
     Creating library C:\Users\chriswratt\Documents\UnityProjects\UnityMidiLib\VSTHostUnity\VSTHostUnity\x64\Debug\CStyleHost.lib and object C:\Users\chriswratt\Documents\UnityProjects\UnityMidiLib\VSTHostUnity\VSTHostUnity\x64\Debug\CStyleHost.exp
  CStyleHost.vcxproj -> C:\Users\chriswratt\Documents\UnityProjects\UnityMidiLib\VSTHostUnity\VSTHostUnity\x64\Debug\CStyleHost.dll
  CStyleHost.vcxproj -> C:\Users\chriswratt\Documents\UnityProjects\UnityMidiLib\VSTHostUnity\VSTHostUnity\x64\Debug\CStyleHost.pdb (Partial PDB)
