c:\users\chriswratt\documents\unityprojects\unitymidilib\vsthostunity\vsthostunity\x64\debug\vsthostunity.pch
c:\users\chriswratt\documents\unityprojects\unitymidilib\vsthostunity\vsthostunity\x64\debug\vc141.pdb
c:\users\chriswratt\documents\unityprojects\unitymidilib\vsthostunity\vsthostunity\x64\debug\vc141.idb
c:\users\chriswratt\documents\unityprojects\unitymidilib\vsthostunity\vsthostunity\x64\debug\stdafx.obj
c:\users\chriswratt\documents\unityprojects\unitymidilib\vsthostunity\vsthostunity\x64\debug\pluginhost.obj
c:\users\chriswratt\documents\unityprojects\unitymidilib\vsthostunity\vsthostunity\x64\debug\vstbase.obj
c:\users\chriswratt\documents\unityprojects\unitymidilib\vsthostunity\vsthostunity\x64\debug\vsteffect.obj
c:\users\chriswratt\documents\unityprojects\unitymidilib\vsthostunity\vsthostunity\x64\debug\vsti.obj
c:\users\chriswratt\documents\unityprojects\unitymidilib\vsthostunity\vsthostunity\x64\debug\debugcpp.obj
c:\users\chriswratt\documents\unityprojects\unitymidilib\vsthostunity\vsthostunity\x64\debug\unityinterface.obj
c:\users\chriswratt\documents\unityprojects\unitymidilib\vsthostunity\vsthostunity\x64\debug\dllmain.obj
c:\users\chriswratt\documents\unityprojects\unitymidilib\vsthostunity\vsthostunity\x64\debug\vsthostunity.ilk
c:\users\chriswratt\documents\unityprojects\unitymidilib\vsthostunity\vsthostunity\x64\debug\vsthostunity.dll
c:\users\chriswratt\documents\unityprojects\unitymidilib\vsthostunity\vsthostunity\x64\debug\vsthostunity.pdb
c:\users\chriswratt\documents\unityprojects\unitymidilib\vsthostunity\vsthostunity\x64\debug\vsthostunity.lib
c:\users\chriswratt\documents\unityprojects\unitymidilib\vsthostunity\vsthostunity\x64\debug\vsthostunity.exp
c:\users\chriswratt\documents\unityprojects\unitymidilib\vsthostunity\vsthostunity\x64\debug\vsthostunity.tlog\cl.command.1.tlog
c:\users\chriswratt\documents\unityprojects\unitymidilib\vsthostunity\vsthostunity\x64\debug\vsthostunity.tlog\cl.read.1.tlog
c:\users\chriswratt\documents\unityprojects\unitymidilib\vsthostunity\vsthostunity\x64\debug\vsthostunity.tlog\cl.write.1.tlog
c:\users\chriswratt\documents\unityprojects\unitymidilib\vsthostunity\vsthostunity\x64\debug\vsthostunity.tlog\link.command.1.tlog
c:\users\chriswratt\documents\unityprojects\unitymidilib\vsthostunity\vsthostunity\x64\debug\vsthostunity.tlog\link.read.1.tlog
c:\users\chriswratt\documents\unityprojects\unitymidilib\vsthostunity\vsthostunity\x64\debug\vsthostunity.tlog\link.write.1.tlog
c:\users\chriswratt\documents\unityprojects\unitymidilib\vsthostunity\vsthostunity\x64\debug\vsthostunity.tlog\vsthostunity.write.1u.tlog
